0 info it worked if it ends with ok
1 verbose cli [ '/usr/bin/nodejs', '/usr/bin/npm', 'install', '-g', 'mean-cli' ]
2 info using npm@1.3.10
3 info using node@v0.10.25
4 verbose cache add [ 'mean-cli', null ]
5 verbose cache add name=undefined spec="mean-cli" args=["mean-cli",null]
6 verbose parsed url { protocol: null,
6 verbose parsed url   slashes: null,
6 verbose parsed url   auth: null,
6 verbose parsed url   host: null,
6 verbose parsed url   port: null,
6 verbose parsed url   hostname: null,
6 verbose parsed url   hash: null,
6 verbose parsed url   search: null,
6 verbose parsed url   query: null,
6 verbose parsed url   pathname: 'mean-cli',
6 verbose parsed url   path: 'mean-cli',
6 verbose parsed url   href: 'mean-cli' }
7 silly lockFile cfd3b0e0-mean-cli mean-cli
8 verbose lock mean-cli /home/piyush/.npm/cfd3b0e0-mean-cli.lock
9 silly lockFile cfd3b0e0-mean-cli mean-cli
10 silly lockFile cfd3b0e0-mean-cli mean-cli
11 verbose addNamed [ 'mean-cli', '' ]
12 verbose addNamed [ null, '*' ]
13 silly lockFile 4d7ee43f-mean-cli mean-cli@
14 verbose lock mean-cli@ /home/piyush/.npm/4d7ee43f-mean-cli.lock
15 silly addNameRange { name: 'mean-cli', range: '*', hasData: false }
16 verbose url raw mean-cli
17 verbose url resolving [ 'https://registry.npmjs.org/', './mean-cli' ]
18 verbose url resolved https://registry.npmjs.org/mean-cli
19 info trying registry request attempt 1 at 15:49:22
20 http GET https://registry.npmjs.org/mean-cli
21 info retry will retry, error on last attempt: Error: tunneling socket could not be established, cause=connect ECONNREFUSED
22 info trying registry request attempt 2 at 15:49:33
23 http GET https://registry.npmjs.org/mean-cli
24 info retry will retry, error on last attempt: Error: tunneling socket could not be established, cause=connect ECONNREFUSED
25 info trying registry request attempt 3 at 15:50:34
26 http GET https://registry.npmjs.org/mean-cli
27 silly lockFile 4d7ee43f-mean-cli mean-cli@
28 silly lockFile 4d7ee43f-mean-cli mean-cli@
29 error network tunneling socket could not be established, cause=connect ECONNREFUSED
29 error network This is most likely not a problem with npm itself
29 error network and is related to network connectivity.
29 error network In most cases you are behind a proxy or have bad network settings.
29 error network
29 error network If you are behind a proxy, please make sure that the
29 error network 'proxy' config is set properly.  See: 'npm help config'
30 error System Linux 3.19.0-42-generic
31 error command "/usr/bin/nodejs" "/usr/bin/npm" "install" "-g" "mean-cli"
32 error cwd /media/piyush/Study/Projects/Meteor/roopkund
33 error node -v v0.10.25
34 error npm -v 1.3.10
35 error code ECONNRESET
36 verbose exit [ 1, true ]
